running egg_info
creating ../../../build/object_detection/object_detection.egg-info
writing ../../../build/object_detection/object_detection.egg-info/PKG-INFO
writing dependency_links to ../../../build/object_detection/object_detection.egg-info/dependency_links.txt
writing entry points to ../../../build/object_detection/object_detection.egg-info/entry_points.txt
writing requirements to ../../../build/object_detection/object_detection.egg-info/requires.txt
writing top-level names to ../../../build/object_detection/object_detection.egg-info/top_level.txt
writing manifest file '../../../build/object_detection/object_detection.egg-info/SOURCES.txt'
reading manifest file '../../../build/object_detection/object_detection.egg-info/SOURCES.txt'
writing manifest file '../../../build/object_detection/object_detection.egg-info/SOURCES.txt'
running build
running build_py
creating /home/tom/Documents/Dog_Fight/build/object_detection/build/lib/object_detection
copying object_detection/hareket_kontrol_drone.py -> /home/tom/Documents/Dog_Fight/build/object_detection/build/lib/object_detection
copying object_detection/cap_denem.py -> /home/tom/Documents/Dog_Fight/build/object_detection/build/lib/object_detection
copying object_detection/__init__.py -> /home/tom/Documents/Dog_Fight/build/object_detection/build/lib/object_detection
copying object_detection/ucak_takip_goruntu_ile.py -> /home/tom/Documents/Dog_Fight/build/object_detection/build/lib/object_detection
copying object_detection/gps_tracker.py -> /home/tom/Documents/Dog_Fight/build/object_detection/build/lib/object_detection
copying object_detection/Algilama.py -> /home/tom/Documents/Dog_Fight/build/object_detection/build/lib/object_detection
copying object_detection/ilk_test_kodu.py -> /home/tom/Documents/Dog_Fight/build/object_detection/build/lib/object_detection
copying object_detection/Gps_Takip.py -> /home/tom/Documents/Dog_Fight/build/object_detection/build/lib/object_detection
copying object_detection/Manuel_konumlanma.py -> /home/tom/Documents/Dog_Fight/build/object_detection/build/lib/object_detection
copying object_detection/yolo_detection_node.py -> /home/tom/Documents/Dog_Fight/build/object_detection/build/lib/object_detection
copying object_detection/cam.py -> /home/tom/Documents/Dog_Fight/build/object_detection/build/lib/object_detection
copying object_detection/webm_to_mp4.py -> /home/tom/Documents/Dog_Fight/build/object_detection/build/lib/object_detection
running install
running install_lib
creating /home/tom/Documents/Dog_Fight/install/object_detection/lib/python3.10/site-packages/object_detection
copying /home/tom/Documents/Dog_Fight/build/object_detection/build/lib/object_detection/hareket_kontrol_drone.py -> /home/tom/Documents/Dog_Fight/install/object_detection/lib/python3.10/site-packages/object_detection
copying /home/tom/Documents/Dog_Fight/build/object_detection/build/lib/object_detection/cap_denem.py -> /home/tom/Documents/Dog_Fight/install/object_detection/lib/python3.10/site-packages/object_detection
copying /home/tom/Documents/Dog_Fight/build/object_detection/build/lib/object_detection/__init__.py -> /home/tom/Documents/Dog_Fight/install/object_detection/lib/python3.10/site-packages/object_detection
copying /home/tom/Documents/Dog_Fight/build/object_detection/build/lib/object_detection/ucak_takip_goruntu_ile.py -> /home/tom/Documents/Dog_Fight/install/object_detection/lib/python3.10/site-packages/object_detection
copying /home/tom/Documents/Dog_Fight/build/object_detection/build/lib/object_detection/gps_tracker.py -> /home/tom/Documents/Dog_Fight/install/object_detection/lib/python3.10/site-packages/object_detection
copying /home/tom/Documents/Dog_Fight/build/object_detection/build/lib/object_detection/Algilama.py -> /home/tom/Documents/Dog_Fight/install/object_detection/lib/python3.10/site-packages/object_detection
copying /home/tom/Documents/Dog_Fight/build/object_detection/build/lib/object_detection/ilk_test_kodu.py -> /home/tom/Documents/Dog_Fight/install/object_detection/lib/python3.10/site-packages/object_detection
copying /home/tom/Documents/Dog_Fight/build/object_detection/build/lib/object_detection/Gps_Takip.py -> /home/tom/Documents/Dog_Fight/install/object_detection/lib/python3.10/site-packages/object_detection
copying /home/tom/Documents/Dog_Fight/build/object_detection/build/lib/object_detection/Manuel_konumlanma.py -> /home/tom/Documents/Dog_Fight/install/object_detection/lib/python3.10/site-packages/object_detection
copying /home/tom/Documents/Dog_Fight/build/object_detection/build/lib/object_detection/yolo_detection_node.py -> /home/tom/Documents/Dog_Fight/install/object_detection/lib/python3.10/site-packages/object_detection
copying /home/tom/Documents/Dog_Fight/build/object_detection/build/lib/object_detection/cam.py -> /home/tom/Documents/Dog_Fight/install/object_detection/lib/python3.10/site-packages/object_detection
copying /home/tom/Documents/Dog_Fight/build/object_detection/build/lib/object_detection/webm_to_mp4.py -> /home/tom/Documents/Dog_Fight/install/object_detection/lib/python3.10/site-packages/object_detection
byte-compiling /home/tom/Documents/Dog_Fight/install/object_detection/lib/python3.10/site-packages/object_detection/hareket_kontrol_drone.py to hareket_kontrol_drone.cpython-310.pyc
byte-compiling /home/tom/Documents/Dog_Fight/install/object_detection/lib/python3.10/site-packages/object_detection/cap_denem.py to cap_denem.cpython-310.pyc
byte-compiling /home/tom/Documents/Dog_Fight/install/object_detection/lib/python3.10/site-packages/object_detection/__init__.py to __init__.cpython-310.pyc
byte-compiling /home/tom/Documents/Dog_Fight/install/object_detection/lib/python3.10/site-packages/object_detection/ucak_takip_goruntu_ile.py to ucak_takip_goruntu_ile.cpython-310.pyc
byte-compiling /home/tom/Documents/Dog_Fight/install/object_detection/lib/python3.10/site-packages/object_detection/gps_tracker.py to gps_tracker.cpython-310.pyc
byte-compiling /home/tom/Documents/Dog_Fight/install/object_detection/lib/python3.10/site-packages/object_detection/Algilama.py to Algilama.cpython-310.pyc
byte-compiling /home/tom/Documents/Dog_Fight/install/object_detection/lib/python3.10/site-packages/object_detection/ilk_test_kodu.py to ilk_test_kodu.cpython-310.pyc
byte-compiling /home/tom/Documents/Dog_Fight/install/object_detection/lib/python3.10/site-packages/object_detection/Gps_Takip.py to Gps_Takip.cpython-310.pyc
byte-compiling /home/tom/Documents/Dog_Fight/install/object_detection/lib/python3.10/site-packages/object_detection/Manuel_konumlanma.py to Manuel_konumlanma.cpython-310.pyc
byte-compiling /home/tom/Documents/Dog_Fight/install/object_detection/lib/python3.10/site-packages/object_detection/yolo_detection_node.py to yolo_detection_node.cpython-310.pyc
byte-compiling /home/tom/Documents/Dog_Fight/install/object_detection/lib/python3.10/site-packages/object_detection/cam.py to cam.cpython-310.pyc
byte-compiling /home/tom/Documents/Dog_Fight/install/object_detection/lib/python3.10/site-packages/object_detection/webm_to_mp4.py to webm_to_mp4.cpython-310.pyc
running install_data
creating /home/tom/Documents/Dog_Fight/install/object_detection/share/ament_index/resource_index/packages
copying resource/object_detection -> /home/tom/Documents/Dog_Fight/install/object_detection/share/ament_index/resource_index/packages
copying package.xml -> /home/tom/Documents/Dog_Fight/install/object_detection/share/object_detection
running install_egg_info
Copying ../../../build/object_detection/object_detection.egg-info to /home/tom/Documents/Dog_Fight/install/object_detection/lib/python3.10/site-packages/object_detection-0.0.0-py3.10.egg-info
running install_scripts
Installing test_cam script to /home/tom/Documents/Dog_Fight/install/object_detection/lib/object_detection
writing list of installed files to '/home/tom/Documents/Dog_Fight/build/object_detection/install.log'
