[0.599s] Invoking command in '/home/tom/Documents/Dog_Fight/ros2_ws/src/object_detection': PYTHONPATH=/home/tom/Documents/Dog_Fight/build/object_detection/prefix_override:/usr/lib/python3/dist-packages/colcon_core/task/python/colcon_distutils_commands:/home/tom/Documents/Dog_Fight/install/object_detection/lib/python3.10/site-packages:${PYTHONPATH} /usr/bin/python3 -W ignore:setup.py install is deprecated -W ignore:easy_install command is deprecated setup.py egg_info --egg-base ../../../build/object_detection build --build-base /home/tom/Documents/Dog_Fight/build/object_detection/build install --record /home/tom/Documents/Dog_Fight/build/object_detection/install.log --single-version-externally-managed install_data
[0.749s] running egg_info
[0.759s] creating ../../../build/object_detection/object_detection.egg-info
[0.759s] writing ../../../build/object_detection/object_detection.egg-info/PKG-INFO
[0.760s] writing dependency_links to ../../../build/object_detection/object_detection.egg-info/dependency_links.txt
[0.760s] writing entry points to ../../../build/object_detection/object_detection.egg-info/entry_points.txt
[0.760s] writing requirements to ../../../build/object_detection/object_detection.egg-info/requires.txt
[0.760s] writing top-level names to ../../../build/object_detection/object_detection.egg-info/top_level.txt
[0.760s] writing manifest file '../../../build/object_detection/object_detection.egg-info/SOURCES.txt'
[0.781s] reading manifest file '../../../build/object_detection/object_detection.egg-info/SOURCES.txt'
[0.781s] writing manifest file '../../../build/object_detection/object_detection.egg-info/SOURCES.txt'
[0.781s] running build
[0.781s] running build_py
[0.781s] creating /home/tom/Documents/Dog_Fight/build/object_detection/build/lib/object_detection
[0.782s] copying object_detection/hareket_kontrol_drone.py -> /home/tom/Documents/Dog_Fight/build/object_detection/build/lib/object_detection
[0.782s] copying object_detection/cap_denem.py -> /home/tom/Documents/Dog_Fight/build/object_detection/build/lib/object_detection
[0.782s] copying object_detection/__init__.py -> /home/tom/Documents/Dog_Fight/build/object_detection/build/lib/object_detection
[0.782s] copying object_detection/ucak_takip_goruntu_ile.py -> /home/tom/Documents/Dog_Fight/build/object_detection/build/lib/object_detection
[0.782s] copying object_detection/gps_tracker.py -> /home/tom/Documents/Dog_Fight/build/object_detection/build/lib/object_detection
[0.782s] copying object_detection/Algilama.py -> /home/tom/Documents/Dog_Fight/build/object_detection/build/lib/object_detection
[0.782s] copying object_detection/ilk_test_kodu.py -> /home/tom/Documents/Dog_Fight/build/object_detection/build/lib/object_detection
[0.782s] copying object_detection/Gps_Takip.py -> /home/tom/Documents/Dog_Fight/build/object_detection/build/lib/object_detection
[0.782s] copying object_detection/Manuel_konumlanma.py -> /home/tom/Documents/Dog_Fight/build/object_detection/build/lib/object_detection
[0.782s] copying object_detection/yolo_detection_node.py -> /home/tom/Documents/Dog_Fight/build/object_detection/build/lib/object_detection
[0.782s] copying object_detection/cam.py -> /home/tom/Documents/Dog_Fight/build/object_detection/build/lib/object_detection
[0.782s] copying object_detection/webm_to_mp4.py -> /home/tom/Documents/Dog_Fight/build/object_detection/build/lib/object_detection
[0.782s] running install
[0.785s] running install_lib
[0.794s] creating /home/tom/Documents/Dog_Fight/install/object_detection/lib/python3.10/site-packages/object_detection
[0.794s] copying /home/tom/Documents/Dog_Fight/build/object_detection/build/lib/object_detection/hareket_kontrol_drone.py -> /home/tom/Documents/Dog_Fight/install/object_detection/lib/python3.10/site-packages/object_detection
[0.795s] copying /home/tom/Documents/Dog_Fight/build/object_detection/build/lib/object_detection/cap_denem.py -> /home/tom/Documents/Dog_Fight/install/object_detection/lib/python3.10/site-packages/object_detection
[0.795s] copying /home/tom/Documents/Dog_Fight/build/object_detection/build/lib/object_detection/__init__.py -> /home/tom/Documents/Dog_Fight/install/object_detection/lib/python3.10/site-packages/object_detection
[0.795s] copying /home/tom/Documents/Dog_Fight/build/object_detection/build/lib/object_detection/ucak_takip_goruntu_ile.py -> /home/tom/Documents/Dog_Fight/install/object_detection/lib/python3.10/site-packages/object_detection
[0.795s] copying /home/tom/Documents/Dog_Fight/build/object_detection/build/lib/object_detection/gps_tracker.py -> /home/tom/Documents/Dog_Fight/install/object_detection/lib/python3.10/site-packages/object_detection
[0.795s] copying /home/tom/Documents/Dog_Fight/build/object_detection/build/lib/object_detection/Algilama.py -> /home/tom/Documents/Dog_Fight/install/object_detection/lib/python3.10/site-packages/object_detection
[0.795s] copying /home/tom/Documents/Dog_Fight/build/object_detection/build/lib/object_detection/ilk_test_kodu.py -> /home/tom/Documents/Dog_Fight/install/object_detection/lib/python3.10/site-packages/object_detection
[0.795s] copying /home/tom/Documents/Dog_Fight/build/object_detection/build/lib/object_detection/Gps_Takip.py -> /home/tom/Documents/Dog_Fight/install/object_detection/lib/python3.10/site-packages/object_detection
[0.795s] copying /home/tom/Documents/Dog_Fight/build/object_detection/build/lib/object_detection/Manuel_konumlanma.py -> /home/tom/Documents/Dog_Fight/install/object_detection/lib/python3.10/site-packages/object_detection
[0.795s] copying /home/tom/Documents/Dog_Fight/build/object_detection/build/lib/object_detection/yolo_detection_node.py -> /home/tom/Documents/Dog_Fight/install/object_detection/lib/python3.10/site-packages/object_detection
[0.795s] copying /home/tom/Documents/Dog_Fight/build/object_detection/build/lib/object_detection/cam.py -> /home/tom/Documents/Dog_Fight/install/object_detection/lib/python3.10/site-packages/object_detection
[0.795s] copying /home/tom/Documents/Dog_Fight/build/object_detection/build/lib/object_detection/webm_to_mp4.py -> /home/tom/Documents/Dog_Fight/install/object_detection/lib/python3.10/site-packages/object_detection
[0.795s] byte-compiling /home/tom/Documents/Dog_Fight/install/object_detection/lib/python3.10/site-packages/object_detection/hareket_kontrol_drone.py to hareket_kontrol_drone.cpython-310.pyc
[0.796s] byte-compiling /home/tom/Documents/Dog_Fight/install/object_detection/lib/python3.10/site-packages/object_detection/cap_denem.py to cap_denem.cpython-310.pyc
[0.796s] byte-compiling /home/tom/Documents/Dog_Fight/install/object_detection/lib/python3.10/site-packages/object_detection/__init__.py to __init__.cpython-310.pyc
[0.796s] byte-compiling /home/tom/Documents/Dog_Fight/install/object_detection/lib/python3.10/site-packages/object_detection/ucak_takip_goruntu_ile.py to ucak_takip_goruntu_ile.cpython-310.pyc
[0.797s] byte-compiling /home/tom/Documents/Dog_Fight/install/object_detection/lib/python3.10/site-packages/object_detection/gps_tracker.py to gps_tracker.cpython-310.pyc
[0.797s] byte-compiling /home/tom/Documents/Dog_Fight/install/object_detection/lib/python3.10/site-packages/object_detection/Algilama.py to Algilama.cpython-310.pyc
[0.797s]   File "/home/tom/Documents/Dog_Fight/install/object_detection/lib/python3.10/site-packages/object_detection/gps_tracker.py", line 78
[0.797s]     ağ kolum uyuşuyor neden
[0.797s]         ^^^^^
[0.797s] SyntaxError: invalid syntax
[0.797s] 
[0.797s] byte-compiling /home/tom/Documents/Dog_Fight/install/object_detection/lib/python3.10/site-packages/object_detection/ilk_test_kodu.py to ilk_test_kodu.cpython-310.pyc
[0.798s] byte-compiling /home/tom/Documents/Dog_Fight/install/object_detection/lib/python3.10/site-packages/object_detection/Gps_Takip.py to Gps_Takip.cpython-310.pyc
[0.798s] byte-compiling /home/tom/Documents/Dog_Fight/install/object_detection/lib/python3.10/site-packages/object_detection/Manuel_konumlanma.py to Manuel_konumlanma.cpython-310.pyc
[0.799s] byte-compiling /home/tom/Documents/Dog_Fight/install/object_detection/lib/python3.10/site-packages/object_detection/yolo_detection_node.py to yolo_detection_node.cpython-310.pyc
[0.799s] byte-compiling /home/tom/Documents/Dog_Fight/install/object_detection/lib/python3.10/site-packages/object_detection/cam.py to cam.cpython-310.pyc
[0.799s] byte-compiling /home/tom/Documents/Dog_Fight/install/object_detection/lib/python3.10/site-packages/object_detection/webm_to_mp4.py to webm_to_mp4.cpython-310.pyc
[0.800s] running install_data
[0.800s] creating /home/tom/Documents/Dog_Fight/install/object_detection/share/ament_index/resource_index/packages
[0.800s] copying resource/object_detection -> /home/tom/Documents/Dog_Fight/install/object_detection/share/ament_index/resource_index/packages
[0.800s] copying package.xml -> /home/tom/Documents/Dog_Fight/install/object_detection/share/object_detection
[0.800s] running install_egg_info
[0.811s] Copying ../../../build/object_detection/object_detection.egg-info to /home/tom/Documents/Dog_Fight/install/object_detection/lib/python3.10/site-packages/object_detection-0.0.0-py3.10.egg-info
[0.811s] running install_scripts
[0.832s] Installing test_cam script to /home/tom/Documents/Dog_Fight/install/object_detection/lib/object_detection
[0.832s] writing list of installed files to '/home/tom/Documents/Dog_Fight/build/object_detection/install.log'
[0.845s] Invoked command in '/home/tom/Documents/Dog_Fight/ros2_ws/src/object_detection' returned '0': PYTHONPATH=/home/tom/Documents/Dog_Fight/build/object_detection/prefix_override:/usr/lib/python3/dist-packages/colcon_core/task/python/colcon_distutils_commands:/home/tom/Documents/Dog_Fight/install/object_detection/lib/python3.10/site-packages:${PYTHONPATH} /usr/bin/python3 -W ignore:setup.py install is deprecated -W ignore:easy_install command is deprecated setup.py egg_info --egg-base ../../../build/object_detection build --build-base /home/tom/Documents/Dog_Fight/build/object_detection/build install --record /home/tom/Documents/Dog_Fight/build/object_detection/install.log --single-version-externally-managed install_data
