[0.464s] Invoking command in '/home/tom/Documents/Dog_Fight/ros2_ws/src/object_detection': PYTHONPATH=/home/tom/Documents/Dog_Fight/ros2_ws/build/object_detection/prefix_override:/usr/lib/python3/dist-packages/colcon_core/task/python/colcon_distutils_commands:/home/tom/Documents/Dog_Fight/ros2_ws/install/object_detection/lib/python3.10/site-packages:${PYTHONPATH} /usr/bin/python3 -W ignore:setup.py install is deprecated -W ignore:easy_install command is deprecated setup.py egg_info --egg-base ../../build/object_detection build --build-base /home/tom/Documents/Dog_Fight/ros2_ws/build/object_detection/build install --record /home/tom/Documents/Dog_Fight/ros2_ws/build/object_detection/install.log --single-version-externally-managed install_data
[0.612s] running egg_info
[0.622s] writing ../../build/object_detection/object_detection.egg-info/PKG-INFO
[0.622s] writing dependency_links to ../../build/object_detection/object_detection.egg-info/dependency_links.txt
[0.622s] writing entry points to ../../build/object_detection/object_detection.egg-info/entry_points.txt
[0.623s] writing requirements to ../../build/object_detection/object_detection.egg-info/requires.txt
[0.623s] writing top-level names to ../../build/object_detection/object_detection.egg-info/top_level.txt
[0.643s] reading manifest file '../../build/object_detection/object_detection.egg-info/SOURCES.txt'
[0.645s] writing manifest file '../../build/object_detection/object_detection.egg-info/SOURCES.txt'
[0.645s] running build
[0.645s] running build_py
[0.646s] copying object_detection/__init__.py -> /home/tom/Documents/Dog_Fight/ros2_ws/build/object_detection/build/lib/object_detection
[0.646s] copying object_detection/cam.py -> /home/tom/Documents/Dog_Fight/ros2_ws/build/object_detection/build/lib/object_detection
[0.646s] running install
[0.648s] running install_lib
[0.659s] running install_data
[0.659s] copying resource/object_detection -> /home/tom/Documents/Dog_Fight/ros2_ws/install/object_detection/share/ament_index/resource_index/packages
[0.659s] copying package.xml -> /home/tom/Documents/Dog_Fight/ros2_ws/install/object_detection/share/object_detection
[0.659s] running install_egg_info
[0.669s] removing '/home/tom/Documents/Dog_Fight/ros2_ws/install/object_detection/lib/python3.10/site-packages/object_detection-0.0.0-py3.10.egg-info' (and everything under it)
[0.670s] Copying ../../build/object_detection/object_detection.egg-info to /home/tom/Documents/Dog_Fight/ros2_ws/install/object_detection/lib/python3.10/site-packages/object_detection-0.0.0-py3.10.egg-info
[0.671s] running install_scripts
[0.691s] Installing test_cam script to /home/tom/Documents/Dog_Fight/ros2_ws/install/object_detection/lib/object_detection
[0.691s] writing list of installed files to '/home/tom/Documents/Dog_Fight/ros2_ws/build/object_detection/install.log'
[0.704s] Invoked command in '/home/tom/Documents/Dog_Fight/ros2_ws/src/object_detection' returned '0': PYTHONPATH=/home/tom/Documents/Dog_Fight/ros2_ws/build/object_detection/prefix_override:/usr/lib/python3/dist-packages/colcon_core/task/python/colcon_distutils_commands:/home/tom/Documents/Dog_Fight/ros2_ws/install/object_detection/lib/python3.10/site-packages:${PYTHONPATH} /usr/bin/python3 -W ignore:setup.py install is deprecated -W ignore:easy_install command is deprecated setup.py egg_info --egg-base ../../build/object_detection build --build-base /home/tom/Documents/Dog_Fight/ros2_ws/build/object_detection/build install --record /home/tom/Documents/Dog_Fight/ros2_ws/build/object_detection/install.log --single-version-externally-managed install_data
