/home/tom/Documents/Dog_Fight/install/object_detection/lib/python3.10/site-packages/object_detection/hareket_kontrol_drone.py
/home/tom/Documents/Dog_Fight/install/object_detection/lib/python3.10/site-packages/object_detection/cap_denem.py
/home/tom/Documents/Dog_Fight/install/object_detection/lib/python3.10/site-packages/object_detection/__init__.py
/home/tom/Documents/Dog_Fight/install/object_detection/lib/python3.10/site-packages/object_detection/ucak_takip_goruntu_ile.py
/home/tom/Documents/Dog_Fight/install/object_detection/lib/python3.10/site-packages/object_detection/gps_tracker.py
/home/tom/Documents/Dog_Fight/install/object_detection/lib/python3.10/site-packages/object_detection/Algilama.py
/home/tom/Documents/Dog_Fight/install/object_detection/lib/python3.10/site-packages/object_detection/ilk_test_kodu.py
/home/tom/Documents/Dog_Fight/install/object_detection/lib/python3.10/site-packages/object_detection/Gps_Takip.py
/home/tom/Documents/Dog_Fight/install/object_detection/lib/python3.10/site-packages/object_detection/Manuel_konumlanma.py
/home/tom/Documents/Dog_Fight/install/object_detection/lib/python3.10/site-packages/object_detection/yolo_detection_node.py
/home/tom/Documents/Dog_Fight/install/object_detection/lib/python3.10/site-packages/object_detection/cam.py
/home/tom/Documents/Dog_Fight/install/object_detection/lib/python3.10/site-packages/object_detection/webm_to_mp4.py
/home/tom/Documents/Dog_Fight/install/object_detection/lib/python3.10/site-packages/object_detection/__pycache__/hareket_kontrol_drone.cpython-310.pyc
/home/tom/Documents/Dog_Fight/install/object_detection/lib/python3.10/site-packages/object_detection/__pycache__/cap_denem.cpython-310.pyc
/home/tom/Documents/Dog_Fight/install/object_detection/lib/python3.10/site-packages/object_detection/__pycache__/__init__.cpython-310.pyc
/home/tom/Documents/Dog_Fight/install/object_detection/lib/python3.10/site-packages/object_detection/__pycache__/ucak_takip_goruntu_ile.cpython-310.pyc
/home/tom/Documents/Dog_Fight/install/object_detection/lib/python3.10/site-packages/object_detection/__pycache__/gps_tracker.cpython-310.pyc
/home/tom/Documents/Dog_Fight/install/object_detection/lib/python3.10/site-packages/object_detection/__pycache__/Algilama.cpython-310.pyc
/home/tom/Documents/Dog_Fight/install/object_detection/lib/python3.10/site-packages/object_detection/__pycache__/ilk_test_kodu.cpython-310.pyc
/home/tom/Documents/Dog_Fight/install/object_detection/lib/python3.10/site-packages/object_detection/__pycache__/Gps_Takip.cpython-310.pyc
/home/tom/Documents/Dog_Fight/install/object_detection/lib/python3.10/site-packages/object_detection/__pycache__/Manuel_konumlanma.cpython-310.pyc
/home/tom/Documents/Dog_Fight/install/object_detection/lib/python3.10/site-packages/object_detection/__pycache__/yolo_detection_node.cpython-310.pyc
/home/tom/Documents/Dog_Fight/install/object_detection/lib/python3.10/site-packages/object_detection/__pycache__/cam.cpython-310.pyc
/home/tom/Documents/Dog_Fight/install/object_detection/lib/python3.10/site-packages/object_detection/__pycache__/webm_to_mp4.cpython-310.pyc
/home/tom/Documents/Dog_Fight/install/object_detection/share/ament_index/resource_index/packages/object_detection
/home/tom/Documents/Dog_Fight/install/object_detection/share/object_detection/package.xml
/home/tom/Documents/Dog_Fight/install/object_detection/lib/python3.10/site-packages/object_detection-0.0.0-py3.10.egg-info/dependency_links.txt
/home/tom/Documents/Dog_Fight/install/object_detection/lib/python3.10/site-packages/object_detection-0.0.0-py3.10.egg-info/PKG-INFO
/home/tom/Documents/Dog_Fight/install/object_detection/lib/python3.10/site-packages/object_detection-0.0.0-py3.10.egg-info/requires.txt
/home/tom/Documents/Dog_Fight/install/object_detection/lib/python3.10/site-packages/object_detection-0.0.0-py3.10.egg-info/SOURCES.txt
/home/tom/Documents/Dog_Fight/install/object_detection/lib/python3.10/site-packages/object_detection-0.0.0-py3.10.egg-info/top_level.txt
/home/tom/Documents/Dog_Fight/install/object_detection/lib/python3.10/site-packages/object_detection-0.0.0-py3.10.egg-info/entry_points.txt
/home/tom/Documents/Dog_Fight/install/object_detection/lib/python3.10/site-packages/object_detection-0.0.0-py3.10.egg-info/zip-safe
/home/tom/Documents/Dog_Fight/install/object_detection/lib/object_detection/test_cam
