[0.574s] Invoking command in '/home/tom/Documents/Dog_Fight/ros2_ws/src/object_detection': PYTHONPATH=/home/tom/Documents/Dog_Fight/ros2_ws/build/object_detection/prefix_override:/usr/lib/python3/dist-packages/colcon_core/task/python/colcon_distutils_commands:/home/tom/Documents/Dog_Fight/ros2_ws/install/object_detection/lib/python3.10/site-packages:${PYTHONPATH} /usr/bin/python3 -W ignore:setup.py install is deprecated -W ignore:easy_install command is deprecated setup.py egg_info --egg-base ../../build/object_detection build --build-base /home/tom/Documents/Dog_Fight/ros2_ws/build/object_detection/build install --record /home/tom/Documents/Dog_Fight/ros2_ws/build/object_detection/install.log --single-version-externally-managed install_data
[0.721s] running egg_info
[0.731s] creating ../../build/object_detection/object_detection.egg-info
[0.731s] writing ../../build/object_detection/object_detection.egg-info/PKG-INFO
[0.731s] writing dependency_links to ../../build/object_detection/object_detection.egg-info/dependency_links.txt
[0.731s] writing requirements to ../../build/object_detection/object_detection.egg-info/requires.txt
[0.731s] writing top-level names to ../../build/object_detection/object_detection.egg-info/top_level.txt
[0.731s] writing manifest file '../../build/object_detection/object_detection.egg-info/SOURCES.txt'
[0.752s] reading manifest file '../../build/object_detection/object_detection.egg-info/SOURCES.txt'
[0.752s] writing manifest file '../../build/object_detection/object_detection.egg-info/SOURCES.txt'
[0.752s] running build
[0.752s] running build_py
[0.753s] creating /home/tom/Documents/Dog_Fight/ros2_ws/build/object_detection/build/lib/object_detection
[0.753s] copying object_detection/__init__.py -> /home/tom/Documents/Dog_Fight/ros2_ws/build/object_detection/build/lib/object_detection
[0.753s] running install
[0.755s] running install_lib
[0.765s] creating /home/tom/Documents/Dog_Fight/ros2_ws/install/object_detection/lib/python3.10/site-packages/object_detection
[0.765s] copying /home/tom/Documents/Dog_Fight/ros2_ws/build/object_detection/build/lib/object_detection/__init__.py -> /home/tom/Documents/Dog_Fight/ros2_ws/install/object_detection/lib/python3.10/site-packages/object_detection
[0.765s] byte-compiling /home/tom/Documents/Dog_Fight/ros2_ws/install/object_detection/lib/python3.10/site-packages/object_detection/__init__.py to __init__.cpython-310.pyc
[0.765s] running install_data
[0.765s] creating /home/tom/Documents/Dog_Fight/ros2_ws/install/object_detection/share/ament_index/resource_index/packages
[0.765s] copying resource/object_detection -> /home/tom/Documents/Dog_Fight/ros2_ws/install/object_detection/share/ament_index/resource_index/packages
[0.765s] copying package.xml -> /home/tom/Documents/Dog_Fight/ros2_ws/install/object_detection/share/object_detection
[0.765s] running install_egg_info
[0.776s] Copying ../../build/object_detection/object_detection.egg-info to /home/tom/Documents/Dog_Fight/ros2_ws/install/object_detection/lib/python3.10/site-packages/object_detection-0.0.0-py3.10.egg-info
[0.776s] running install_scripts
[0.796s] writing list of installed files to '/home/tom/Documents/Dog_Fight/ros2_ws/build/object_detection/install.log'
[0.808s] Invoked command in '/home/tom/Documents/Dog_Fight/ros2_ws/src/object_detection' returned '0': PYTHONPATH=/home/tom/Documents/Dog_Fight/ros2_ws/build/object_detection/prefix_override:/usr/lib/python3/dist-packages/colcon_core/task/python/colcon_distutils_commands:/home/tom/Documents/Dog_Fight/ros2_ws/install/object_detection/lib/python3.10/site-packages:${PYTHONPATH} /usr/bin/python3 -W ignore:setup.py install is deprecated -W ignore:easy_install command is deprecated setup.py egg_info --egg-base ../../build/object_detection build --build-base /home/tom/Documents/Dog_Fight/ros2_ws/build/object_detection/build install --record /home/tom/Documents/Dog_Fight/ros2_ws/build/object_detection/install.log --single-version-externally-managed install_data
