[0.471s] Invoking command in '/home/tom/Documents/Dog_Fight/ros2_ws/src/object_detection': PYTHONPATH=/home/tom/Documents/Dog_Fight/build/object_detection/prefix_override:/usr/lib/python3/dist-packages/colcon_core/task/python/colcon_distutils_commands:/home/tom/Documents/Dog_Fight/install/object_detection/lib/python3.10/site-packages:${PYTHONPATH} /usr/bin/python3 -W ignore:setup.py install is deprecated -W ignore:easy_install command is deprecated setup.py egg_info --egg-base ../../../build/object_detection build --build-base /home/tom/Documents/Dog_Fight/build/object_detection/build install --record /home/tom/Documents/Dog_Fight/build/object_detection/install.log --single-version-externally-managed install_data
[0.619s] running egg_info
[0.629s] writing ../../../build/object_detection/object_detection.egg-info/PKG-INFO
[0.630s] writing dependency_links to ../../../build/object_detection/object_detection.egg-info/dependency_links.txt
[0.630s] writing entry points to ../../../build/object_detection/object_detection.egg-info/entry_points.txt
[0.630s] writing requirements to ../../../build/object_detection/object_detection.egg-info/requires.txt
[0.630s] writing top-level names to ../../../build/object_detection/object_detection.egg-info/top_level.txt
[0.651s] reading manifest file '../../../build/object_detection/object_detection.egg-info/SOURCES.txt'
[0.653s] writing manifest file '../../../build/object_detection/object_detection.egg-info/SOURCES.txt'
[0.653s] running build
[0.653s] running build_py
[0.653s] copying object_detection/hareket_kontrol_drone.py -> /home/tom/Documents/Dog_Fight/build/object_detection/build/lib/object_detection
[0.653s] copying object_detection/cap_denem.py -> /home/tom/Documents/Dog_Fight/build/object_detection/build/lib/object_detection
[0.653s] copying object_detection/__init__.py -> /home/tom/Documents/Dog_Fight/build/object_detection/build/lib/object_detection
[0.653s] copying object_detection/ucak_takip_goruntu_ile.py -> /home/tom/Documents/Dog_Fight/build/object_detection/build/lib/object_detection
[0.654s] copying object_detection/gps_tracker.py -> /home/tom/Documents/Dog_Fight/build/object_detection/build/lib/object_detection
[0.654s] copying object_detection/Algilama.py -> /home/tom/Documents/Dog_Fight/build/object_detection/build/lib/object_detection
[0.654s] copying object_detection/ilk_test_kodu.py -> /home/tom/Documents/Dog_Fight/build/object_detection/build/lib/object_detection
[0.654s] copying object_detection/Gps_Takip.py -> /home/tom/Documents/Dog_Fight/build/object_detection/build/lib/object_detection
[0.654s] copying object_detection/Manuel_konumlanma.py -> /home/tom/Documents/Dog_Fight/build/object_detection/build/lib/object_detection
[0.654s] copying object_detection/yolo_detection_node.py -> /home/tom/Documents/Dog_Fight/build/object_detection/build/lib/object_detection
[0.654s] copying object_detection/cam.py -> /home/tom/Documents/Dog_Fight/build/object_detection/build/lib/object_detection
[0.654s] copying object_detection/webm_to_mp4.py -> /home/tom/Documents/Dog_Fight/build/object_detection/build/lib/object_detection
[0.654s] running install
[0.656s] running install_lib
[0.667s] running install_data
[0.667s] copying resource/object_detection -> /home/tom/Documents/Dog_Fight/install/object_detection/share/ament_index/resource_index/packages
[0.667s] copying package.xml -> /home/tom/Documents/Dog_Fight/install/object_detection/share/object_detection
[0.667s] running install_egg_info
[0.677s] removing '/home/tom/Documents/Dog_Fight/install/object_detection/lib/python3.10/site-packages/object_detection-0.0.0-py3.10.egg-info' (and everything under it)
[0.678s] Copying ../../../build/object_detection/object_detection.egg-info to /home/tom/Documents/Dog_Fight/install/object_detection/lib/python3.10/site-packages/object_detection-0.0.0-py3.10.egg-info
[0.678s] running install_scripts
[0.699s] Installing test_cam script to /home/tom/Documents/Dog_Fight/install/object_detection/lib/object_detection
[0.699s] writing list of installed files to '/home/tom/Documents/Dog_Fight/build/object_detection/install.log'
[0.714s] Invoked command in '/home/tom/Documents/Dog_Fight/ros2_ws/src/object_detection' returned '0': PYTHONPATH=/home/tom/Documents/Dog_Fight/build/object_detection/prefix_override:/usr/lib/python3/dist-packages/colcon_core/task/python/colcon_distutils_commands:/home/tom/Documents/Dog_Fight/install/object_detection/lib/python3.10/site-packages:${PYTHONPATH} /usr/bin/python3 -W ignore:setup.py install is deprecated -W ignore:easy_install command is deprecated setup.py egg_info --egg-base ../../../build/object_detection build --build-base /home/tom/Documents/Dog_Fight/build/object_detection/build install --record /home/tom/Documents/Dog_Fight/build/object_detection/install.log --single-version-externally-managed install_data
